# JRE version: OpenJDK Runtime Environment Microsoft-8035246 (17.0.8+7) (build 17.0.8+7-LTS)
# Java VM: OpenJDK 64-Bit Server VM Microsoft-8035246 (17.0.8+7-LTS, mixed mode, sharing, tiered, compressed oops, compressed class ptrs, g1 gc, windows-amd64)
GC Precious Log:
 CPUs: 2 total, 2 available
 Memory: 6030M
 Large Page Support: Disabled
 NUMA Support: Disabled
 Compressed Oops: Enabled (32-bit)
 Heap Region Size: 1M
 Heap Min Capacity: 8M
 Heap Initial Capacity: 96M
 Heap Max Capacity: 2G
 Pre-touch: Disabled
 Parallel Workers: 2
 Concurrent Workers: 1
 Concurrent Refinement Workers: 2
 Periodic GC: Disabled
Heap:
 garbage-first heap   total 423936K, used 280036K [0x0000000080000000, 0x0000000100000000)
  region size 1024K, 122 young (124928K), 17 survivors (17408K)
 Metaspace       used 103677K, committed 104832K, reserved 557056K
  class space    used 14272K, committed 14784K, reserved 425984K
GC Heap History (20 events):
Event: 102.747 GC heap before
{Heap before GC invocations=38 (full 0):
 garbage-first heap   total 178176K, used 100668K [0x0000000080000000, 0x0000000100000000)
  region size 1024K, 8 young (8192K), 7 survivors (7168K)
 Metaspace       used 88014K, committed 88768K, reserved 557056K
  class space    used 12312K, committed 12672K, reserved 425984K
}
Event: 102.762 GC heap after
{Heap after GC invocations=39 (full 0):
 garbage-first heap   total 178176K, used 99577K [0x0000000080000000, 0x0000000100000000)
  region size 1024K, 1 young (1024K), 1 survivors (1024K)
 Metaspace       used 88014K, committed 88768K, reserved 557056K
  class space    used 12312K, committed 12672K, reserved 425984K
}
Event: 105.169 GC heap before
{Heap before GC invocations=39 (full 0):
 garbage-first heap   total 178176K, used 148729K [0x0000000080000000, 0x0000000100000000)
  region size 1024K, 49 young (50176K), 1 survivors (1024K)
 Metaspace       used 90970K, committed 91904K, reserved 557056K
  class space    used 12722K, committed 13184K, reserved 425984K
}
Event: 105.196 GC heap after
{Heap after GC invocations=40 (full 0):
 garbage-first heap   total 178176K, used 105586K [0x0000000080000000, 0x0000000100000000)
  region size 1024K, 7 young (7168K), 7 survivors (7168K)
 Metaspace       used 90970K, committed 91904K, reserved 557056K
  class space    used 12722K, committed 13184K, reserved 425984K
}
Event: 107.277 GC heap before
{Heap before GC invocations=40 (full 0):
 garbage-first heap   total 178176K, used 149618K [0x0000000080000000, 0x0000000100000000)
  region size 1024K, 47 young (48128K), 7 survivors (7168K)
 Metaspace       used 91738K, committed 92672K, reserved 557056K
  class space    used 12814K, committed 13248K, reserved 425984K
}
Event: 107.301 GC heap after
{Heap after GC invocations=41 (full 0):
 garbage-first heap   total 178176K, used 119097K [0x0000000080000000, 0x0000000100000000)
  region size 1024K, 6 young (6144K), 6 survivors (6144K)
 Metaspace       used 91738K, committed 92672K, reserved 557056K
  class space    used 12814K, committed 13248K, reserved 425984K
}
Event: 108.947 GC heap before
{Heap before GC invocations=41 (full 0):
 garbage-first heap   total 178176K, used 143673K [0x0000000080000000, 0x0000000100000000)
  region size 1024K, 31 young (31744K), 6 survivors (6144K)
 Metaspace       used 92270K, committed 93312K, reserved 557056K
  class space    used 12877K, committed 13376K, reserved 425984K
}
Event: 108.970 GC heap after
{Heap after GC invocations=42 (full 0):
 garbage-first heap   total 178176K, used 124718K [0x0000000080000000, 0x0000000100000000)
  region size 1024K, 4 young (4096K), 4 survivors (4096K)
 Metaspace       used 92270K, committed 93312K, reserved 557056K
  class space    used 12877K, committed 13376K, reserved 425984K
}
Event: 110.482 GC heap before
{Heap before GC invocations=43 (full 0):
 garbage-first heap   total 211968K, used 147246K [0x0000000080000000, 0x0000000100000000)
  region size 1024K, 24 young (24576K), 4 survivors (4096K)
 Metaspace       used 92451K, committed 93504K, reserved 557056K
  class space    used 12900K, committed 13376K, reserved 425984K
}
Event: 110.501 GC heap after
{Heap after GC invocations=44 (full 0):
 garbage-first heap   total 211968K, used 132910K [0x0000000080000000, 0x0000000100000000)
  region size 1024K, 3 young (3072K), 3 survivors (3072K)
 Metaspace       used 92451K, committed 93504K, reserved 557056K
  class space    used 12900K, committed 13376K, reserved 425984K
}
Event: 110.985 GC heap before
{Heap before GC invocations=44 (full 0):
 garbage-first heap   total 211968K, used 140078K [0x0000000080000000, 0x0000000100000000)
  region size 1024K, 10 young (10240K), 3 survivors (3072K)
 Metaspace       used 92556K, committed 93568K, reserved 557056K
  class space    used 12910K, committed 13376K, reserved 425984K
}
Event: 110.998 GC heap after
{Heap after GC invocations=45 (full 0):
 garbage-first heap   total 211968K, used 135425K [0x0000000080000000, 0x0000000100000000)
  region size 1024K, 2 young (2048K), 2 survivors (2048K)
 Metaspace       used 92556K, committed 93568K, reserved 557056K
  class space    used 12910K, committed 13376K, reserved 425984K
}
Event: 112.862 GC heap before
{Heap before GC invocations=45 (full 0):
 garbage-first heap   total 211968K, used 170241K [0x0000000080000000, 0x0000000100000000)
  region size 1024K, 36 young (36864K), 2 survivors (2048K)
 Metaspace       used 92836K, committed 93952K, reserved 557056K
  class space    used 12940K, committed 13440K, reserved 425984K
}
Event: 112.879 GC heap after
{Heap after GC invocations=46 (full 0):
 garbage-first heap   total 211968K, used 144045K [0x0000000080000000, 0x0000000100000000)
  region size 1024K, 5 young (5120K), 5 survivors (5120K)
 Metaspace       used 92836K, committed 93952K, reserved 557056K
  class space    used 12940K, committed 13440K, reserved 425984K
}
Event: 113.982 GC heap before
{Heap before GC invocations=46 (full 0):
 garbage-first heap   total 211968K, used 173741K [0x0000000080000000, 0x0000000100000000)
  region size 1024K, 32 young (32768K), 5 survivors (5120K)
 Metaspace       used 93153K, committed 94272K, reserved 557056K
  class space    used 12978K, committed 13504K, reserved 425984K
}
Event: 114.005 GC heap after
{Heap after GC invocations=47 (full 0):
 garbage-first heap   total 211968K, used 152105K [0x0000000080000000, 0x0000000100000000)
  region size 1024K, 4 young (4096K), 4 survivors (4096K)
 Metaspace       used 93153K, committed 94272K, reserved 557056K
  class space    used 12978K, committed 13504K, reserved 425984K
}
Event: 114.659 GC heap before
{Heap before GC invocations=47 (full 0):
 garbage-first heap   total 211968K, used 173609K [0x0000000080000000, 0x0000000100000000)
  region size 1024K, 25 young (25600K), 4 survivors (4096K)
 Metaspace       used 94403K, committed 95552K, reserved 557056K
  class space    used 13144K, committed 13632K, reserved 425984K
}
Event: 114.676 GC heap after
{Heap after GC invocations=48 (full 0):
 garbage-first heap   total 423936K, used 153770K [0x0000000080000000, 0x0000000100000000)
  region size 1024K, 2 young (2048K), 2 survivors (2048K)
 Metaspace       used 94403K, committed 95552K, reserved 557056K
  class space    used 13144K, committed 13632K, reserved 425984K
}
Event: 123.100 GC heap before
{Heap before GC invocations=48 (full 0):
 garbage-first heap   total 423936K, used 321706K [0x0000000080000000, 0x0000000100000000)
  region size 1024K, 166 young (169984K), 2 survivors (2048K)
 Metaspace       used 100496K, committed 101632K, reserved 557056K
  class space    used 13957K, committed 14464K, reserved 425984K
}
Event: 123.190 GC heap after
{Heap after GC invocations=49 (full 0):
 garbage-first heap   total 423936K, used 169444K [0x0000000080000000, 0x0000000100000000)
  region size 1024K, 17 young (17408K), 17 survivors (17408K)
 Metaspace       used 100496K, committed 101632K, reserved 557056K
  class space    used 13957K, committed 14464K, reserved 425984K
}

